<?xml version="1.0" encoding="UTF-8"?>
<testsuite name="sp.TrieTest" tests="6" skipped="0" failures="0" errors="0" timestamp="2016-03-06T16:48:39" hostname="caprica" time="0.015">
  <properties/>
  <testcase name="testAdd" classname="sp.TrieTest" time="0.003"/>
  <testcase name="testSize" classname="sp.TrieTest" time="0.0"/>
  <testcase name="testSerialize" classname="sp.TrieTest" time="0.01"/>
  <testcase name="testContains" classname="sp.TrieTest" time="0.0"/>
  <testcase name="testRemove" classname="sp.TrieTest" time="0.0"/>
  <testcase name="testHowManyStartsWithPrefix" classname="sp.TrieTest" time="0.0"/>
  <system-out><![CDATA[]]></system-out>
  <system-err><![CDATA[]]></system-err>
</testsuite>
